
> reussitess-global-nexus@1.0.1 build
> next build --webpack

[baseline-browser-mapping] The data in this module is over two months old.  To ensure accurate Baseline data, please update: `npm i baseline-browser-mapping@latest -D`
   Skipping creating a lockfile at /data/data/com.termux/files/home/reussitess-global-nexus/.next/lock because we're using WASM bindings
   ▲ Next.js 16.0.7 (webpack)
   - Environments: .env.local, .env
   - Experiments (use with caution):
     ✓ optimizeCss
     · optimizePackageImports

   Creating an optimized production build ...
[baseline-browser-mapping] The data in this module is over two months old.  To ensure accurate Baseline data, please update: `npm i baseline-browser-mapping@latest -D`
Failed to compile.

./pages/api/superbot/chat.js
Error:   x Unexpected character '\u{fe0f}'
    ,-[/data/data/com.termux/files/home/reussitess-global-nexus/pages/api/superbot/chat.js:89:1]
 86 | }
 87 | 
 88 | function getPolitiquesGuyane() {
 89 |   return `🏛️ **Élus Officiels de Guyane (2025-2026)**
    :            ^
 90 | 
 91 | 🌴 **COLLECTIVITÉ TERRITORIALE DE GUYANE (CTG)**
 92 | 👤 **Gabriel Serville** — Président CTG depuis le 2 juillet 2021
    `----
  x Unexpected character '🏛'
    ,-[/data/data/com.termux/files/home/reussitess-global-nexus/pages/api/superbot/chat.js:89:1]
 86 | }
 87 | 
 88 | function getPolitiquesGuyane() {
 89 |   return `🏛️ **Élus Officiels de Guyane (2025-2026)**
    :           ^
 90 | 
 91 | 🌴 **COLLECTIVITÉ TERRITORIALE DE GUYANE (CTG)**
 92 | 👤 **Gabriel Serville** — Président CTG depuis le 2 juillet 2021
    `----
  x Expected ';', got '<lexing error: Error { error: (4245..4245, UnexpectedChar { c: '🏛' }) }>'
    ,-[/data/data/com.termux/files/home/reussitess-global-nexus/pages/api/superbot/chat.js:89:1]
 86 | }
 87 | 
 88 | function getPolitiquesGuyane() {
 89 |   return `🏛️ **Élus Officiels de Guyane (2025-2026)**
    :           ^
 90 | 
 91 | 🌴 **COLLECTIVITÉ TERRITORIALE DE GUYANE (CTG)**
 92 | 👤 **Gabriel Serville** — Président CTG depuis le 2 juillet 2021
    `----

Caused by:
    0: failed to process js file
    1: Syntax Error
    at module.exports.__wbindgen_error_new (/data/data/com.termux/files/home/reussitess-global-nexus/node_modules/next/wasm/@next/swc-wasm-nodejs/wasm.js:647:17)
    at wasm.wasm.__wbindgen_error_new externref shim (wasm://wasm/wasm.wasm-0698437e:wasm-function[22322]:0x1420296)
    at wasm.wasm.wasm::transform_sync::h529ddc4954edadd0 (wasm://wasm/wasm.wasm-0698437e:wasm-function[2063]:0xadbaf7)
    at wasm.wasm.wasm_bindgen_futures::future_to_promise::{{closure}}::{{closure}}::h2e5f71fd2a270a1f (wasm://wasm/wasm.wasm-0698437e:wasm-function[10267]:0x1230f7b)
    at wasm.wasm.wasm_bindgen_futures::queue::Queue::new::{{closure}}::h599d038da4d3846a (wasm://wasm/wasm.wasm-0698437e:wasm-function[8443]:0x1166b1b)
    at wasm.wasm.<dyn core::ops::function::FnMut<(A,)>+Output = R as wasm_bindgen::closure::WasmClosure>::describe::invoke::hed48f120abbf9c99 (wasm://wasm/wasm.wasm-0698437e:wasm-function[21877]:0x141cf84)
    at wasm.wasm.closure1163 externref shim (wasm://wasm/wasm.wasm-0698437e:wasm-function[22832]:0x14234a9)
    at __wbg_adapter_50 (/data/data/com.termux/files/home/reussitess-global-nexus/node_modules/next/wasm/@next/swc-wasm-nodejs/wasm.js:349:10)
    at real (/data/data/com.termux/files/home/reussitess-global-nexus/node_modules/next/wasm/@next/swc-wasm-nodejs/wasm.js:140:20)
    at process.processTicksAndRejections (node:internal/process/task_queues:104:5)

Import trace for requested module:
./pages/api/superbot/chat.js


> Build failed because of webpack errors
