
> reussitess-global-nexus@1.0.1 build
> next build

   ▲ Next.js 15.4.7

   Creating an optimized production build ...
Failed to compile.

./components/SuperBotData.tsx
NonErrorEmittedError: (Emitted value instead of an instance of Error)   x 'import', and 'export' cannot be used outside of module code
     ,-[/data/data/com.termux/files/home/reussitess-global-nexus/components/SuperBotData.tsx:714:1]
 711 |   langue: string
 712 |   description: string
 713 | 
 714 | export default function BotVocal() {
     : ^^^^^^
 715 |   const [isListening, setIsListening] = useState(false)
 716 |   const [transcript, setTranscript] = useState('')
 717 |   const [response, setResponse] = useState('')
     `----

Caused by:
    0: failed to process js file
    1: Syntax Error
    at processResult (/data/data/com.termux/files/home/reussitess-global-nexus/node_modules/next/dist/compiled/webpack/bundle5.js:29:407017)
    at /data/data/com.termux/files/home/reussitess-global-nexus/node_modules/next/dist/compiled/webpack/bundle5.js:29:408881
    at /data/data/com.termux/files/home/reussitess-global-nexus/node_modules/next/dist/compiled/loader-runner/LoaderRunner.js:1:8645
    at /data/data/com.termux/files/home/reussitess-global-nexus/node_modules/next/dist/compiled/loader-runner/LoaderRunner.js:1:5828
    at r.callback (/data/data/com.termux/files/home/reussitess-global-nexus/node_modules/next/dist/compiled/loader-runner/LoaderRunner.js:1:4039)
    at /data/data/com.termux/files/home/reussitess-global-nexus/node_modules/next/dist/build/webpack/loaders/next-swc-loader.js:233:9

Import trace for requested module:
./components/SuperBotData.tsx
./components/useFullKnowledge.js
./components/BotAssistant.js


> Build failed because of webpack errors
