
> reussitess-global-nexus@1.0.1 build
> next build --webpack

   Skipping creating a lockfile at /data/data/com.termux/files/home/reussitess-global-nexus/.next/lock because we're using WASM bindings
   ▲ Next.js 16.0.7 (webpack)
   - Environments: .env.local

   Creating an optimized production build ...
 ✓ Compiled successfully in 51s
   Running TypeScript ...
   Collecting page data using 1 worker ...
   Generating static pages using 1 worker (0/98) ...
   Generating static pages using 1 worker (24/98) 
   Generating static pages using 1 worker (48/98) 
   Generating static pages using 1 worker (73/98) 
 ⚠ metadataBase property in metadata export is not set for resolving social open graph or twitter images, using "http://localhost:3000". See https://nextjs.org/docs/app/api-reference/functions/generate-metadata#metadatabase
 ✓ Generating static pages using 1 worker (98/98) in 4.4s
   Finalizing page optimization ...
   Collecting build traces ...

Route (app)
┌ ○ /_not-found
├ ƒ /api/superbot/data
└ ○ /ia-passport

Route (pages)
┌ ○ /
├   /_app
├ ○ /a-propos (514 ms)
├ ○ /affiliation (502 ms)
├ ○ /analytics (499 ms)
├ ƒ /api/bot
├ ƒ /api/chat
├ ƒ /api/full-knowledge
├ ƒ /api/passeport/register
├ ƒ /api/passeport/stats
├ ƒ /api/sitemap.xml
├ ƒ /api/superbot/chat
├ ƒ /api/visa/register
├ ○ /astuces (498 ms)
├ ○ /bibliotheque
├ ○ /bibliotheque/afrique/cameroun (500 ms)
├ ○ /bibliotheque/afrique/cote-ivoire (500 ms)
├ ○ /bibliotheque/afrique/madagascar (499 ms)
├ ○ /bibliotheque/afrique/mali (499 ms)
├ ○ /bibliotheque/afrique/rdc
├ ○ /bibliotheque/afrique/rwanda
├ ○ /bibliotheque/afrique/senegal
├ ○ /bibliotheque/amerique-sud/bresil
├ ○ /bibliotheque/ameriques/haiti
├ ○ /bibliotheque/ameriques/louisiane
├ ○ /bibliotheque/ameriques/quebec
├ ○ /bibliotheque/asie-pacifique/australie
├ ○ /bibliotheque/asie-pacifique/cambodge
├ ○ /bibliotheque/asie-pacifique/inde
├ ○ /bibliotheque/asie-pacifique/laos
├ ○ /bibliotheque/asie-pacifique/nouvelle-zelande
├ ○ /bibliotheque/asie-pacifique/singapour
├ ○ /bibliotheque/asie-pacifique/vanuatu
├ ○ /bibliotheque/asie-pacifique/vietnam
├ ○ /bibliotheque/dom-tom/guadeloupe
├ ○ /bibliotheque/dom-tom/guyane
├ ○ /bibliotheque/dom-tom/martinique
├ ○ /bibliotheque/dom-tom/mayotte
├ ○ /bibliotheque/dom-tom/nouvelle-caledonie
├ ○ /bibliotheque/dom-tom/polynesie
├ ○ /bibliotheque/dom-tom/reunion
├ ○ /bibliotheque/dom-tom/saint-barthelemy
├ ○ /bibliotheque/dom-tom/saint-martin
├ ○ /bibliotheque/dom-tom/saint-pierre
├ ○ /bibliotheque/dom-tom/wallis-futuna
├ ○ /bibliotheque/europe/allemagne
├ ○ /bibliotheque/europe/belgique
├ ○ /bibliotheque/europe/espagne
├ ○ /bibliotheque/europe/france
├ ○ /bibliotheque/europe/italie
├ ○ /bibliotheque/europe/luxembourg
├ ○ /bibliotheque/europe/monaco
├ ○ /bibliotheque/europe/royaume-uni
├ ○ /bibliotheque/europe/suede
├ ○ /bibliotheque/europe/suisse
├ ○ /bibliotheque/histoire
├ ○ /bibliotheque/maghreb/algerie
├ ○ /bibliotheque/maghreb/liban
├ ○ /bibliotheque/maghreb/maroc
├ ○ /bibliotheque/maghreb/tunisie
├ ○ /bibliotheque/outils
├ ○ /bibliotheque/pays/fr
├ ○ /bibliotheque/pays/guadeloupe
├ ○ /bibliotheque/pays/guyane
├ ○ /bibliotheque/pays/martinique
├ ○ /bibliotheque/prof
├ ○ /bibliotheque/reglementation (373 ms)
├ ○ /booster-reussitess-amazon (373 ms)
├ ○ /boutiques (372 ms)
├ ○ /champions (372 ms)
├ ○ /contact (371 ms)
├ ○ /creole (371 ms)
├ ○ /guadeloupe (371 ms)
├ ○ /guide-complet (371 ms)
├ ○ /guyane
├ ○ /hub-central
├ ○ /hub-international
├ ○ /hub-regional
├ ○ /hub-regional/creole
├ ○ /hub-regional/douanes
├ ○ /hub-regional/marketing-seo
├ ○ /hub-regional/opportunites
├ ○ /index.before-coach
├ ○ /legal
├ ○ /martinique
├ ○ /mentions-legales
├ ○ /outils
├ ○ /outils-calculateurs
├ ○ /politique-confidentialite
├ ○ /presse
├ ○ /pwa-app
├ ○ /quiz
├ ○ /quiz/[id]
├ ○ /ressources/culture-guadeloupe
├ ○ /ressources/histoire-afrique
├ ○ /ressources/patrimoine-martinique
├ ○ /reunion
├ ○ /savoir-culture (781 ms)
├ ○ /test-connexion (780 ms)
├ ○ /test-hub (780 ms)
├ ○ /vamazon (780 ms)
└ ○ /visa-universel (779 ms)

○  (Static)   prerendered as static content
ƒ  (Dynamic)  server-rendered on demand

